May-21 05:50:17.489 [main] DEBUG nextflow.cli.Launcher - $> nextflow run main.nf --samplesheet dummy_samplesheet.csv --from_fastq --fastq_dir dummy_fastqs -stub-run
May-21 05:50:17.521 [main] DEBUG nextflow.cli.CmdRun - N E X T F L O W  ~  version 26.04.1
May-21 05:50:17.616 [main] DEBUG nextflow.plugin.PluginsFacade - Setting up plugin manager > mode=prod; embedded=false; plugins-dir=/Users/olive/.nextflow/plugins; core-plugins: nf-amazon@3.9.1,nf-azure@1.22.3,nf-cloudcache@0.6.0,nf-codecommit@0.5.2,nf-console@1.3.0,nf-google@1.27.2,nf-k8s@1.5.2,nf-seqera@0.19.1,nf-tower@1.27.0,nf-wave@1.20.0
May-21 05:50:17.630 [main] INFO  o.pf4j.DefaultPluginStatusProvider - Enabled plugins: []
May-21 05:50:17.630 [main] INFO  o.pf4j.DefaultPluginStatusProvider - Disabled plugins: []
May-21 05:50:17.632 [main] INFO  org.pf4j.DefaultPluginManager - PF4J version 3.14.1 in 'deployment' mode
May-21 05:50:17.641 [main] DEBUG nextflow.util.RetryConfig - Missing nextflow session - using default retry config
May-21 05:50:17.726 [main] DEBUG nextflow.plugin.PluginUpdater - Using plugin repository: HttpPluginRepository [registry]; url=https://registry.nextflow.io/api
May-21 05:50:17.729 [main] INFO  org.pf4j.AbstractPluginManager - No plugins
May-21 05:50:17.742 [main] DEBUG nextflow.config.ConfigBuilder - Found config local: /Users/olive/Library/CloudStorage/OneDrive-Charité-UniversitätsmedizinBerlin/lab_book/code/OSCAR/nextflow/nextflow.config
May-21 05:50:17.743 [main] DEBUG nextflow.config.ConfigBuilder - Parsing config file: /Users/olive/Library/CloudStorage/OneDrive-Charité-UniversitätsmedizinBerlin/lab_book/code/OSCAR/nextflow/nextflow.config
May-21 05:50:17.744 [main] DEBUG nextflow.config.ConfigParserFactory - Using config parser v2
May-21 05:50:17.752 [main] DEBUG nextflow.config.ConfigBuilder - Applying config profile: `standard`
May-21 05:50:17.948 [main] DEBUG nextflow.plugin.PluginsFacade - Plugins default=[]
May-21 05:50:17.949 [main] DEBUG nextflow.plugin.PluginsFacade - Plugins resolved requirement=[]
May-21 05:50:17.954 [main] DEBUG n.secret.LocalSecretsProvider - Secrets store: /Users/olive/.nextflow/secrets/store.json
May-21 05:50:17.956 [main] DEBUG nextflow.secret.SecretsLoader - Discovered secrets providers: [nextflow.secret.LocalSecretsProvider@6d5c2745] - activable => nextflow.secret.LocalSecretsProvider@6d5c2745
May-21 05:50:17.962 [main] DEBUG nextflow.cli.CmdRun - Launching `main.nf` [condescending_almeida] - revision: 95c3c4b542
May-21 05:50:17.991 [main] DEBUG nextflow.Session - Session UUID: 7bd80821-7015-43cf-9c23-87172f14b5af
May-21 05:50:17.991 [main] DEBUG nextflow.Session - Run name: condescending_almeida
May-21 05:50:17.991 [main] DEBUG nextflow.Session - Executor pool size: 10
May-21 05:50:17.994 [main] DEBUG nextflow.file.FilePorter - File porter settings maxRetries=3; maxTransfers=50; pollTimeout=null
May-21 05:50:17.996 [main] DEBUG nextflow.util.ThreadPoolBuilder - Creating thread pool 'FileTransfer' minSize=10; maxSize=30; workQueue=LinkedBlockingQueue[-1]; allowCoreThreadTimeout=false
May-21 05:50:18.069 [main] DEBUG nextflow.cli.CmdRun - 
  Version: 26.04.1 build 0
  Created: 11-05-2026 12:38 UTC (14:38 CEST)
  System: Mac OS X 26.5
  Runtime: Groovy 4.0.31 on OpenJDK 64-Bit Server VM 25.0.2
  Encoding: UTF-8 (UTF-8)
  Process: 7685@MBP-J75Q7L4PP7 [192.168.178.60]
  CPUs: 10 - Mem: 16 GB (75.7 MB) - Swap: 0 (0)
May-21 05:50:18.079 [main] DEBUG nextflow.extension.FilesEx - Failed to create directory '/sc-scratch/sc-scratch-cc12-ag-romagnani/nf_work'
java.nio.file.FileSystemException: /sc-scratch: Read-only file system
	at java.base/sun.nio.fs.UnixException.translateToIOException(UnixException.java:100)
	at java.base/sun.nio.fs.UnixException.rethrowAsIOException(UnixException.java:106)
	at java.base/sun.nio.fs.UnixException.rethrowAsIOException(UnixException.java:111)
	at java.base/sun.nio.fs.UnixFileSystemProvider.createDirectory(UnixFileSystemProvider.java:418)
	at java.base/java.nio.file.Files.createDirectory(Files.java:647)
	at java.base/java.nio.file.Files.createAndCheckIsDirectory(Files.java:734)
	at java.base/java.nio.file.Files.createDirectories(Files.java:720)
	at org.codehaus.groovy.vmplugin.v8.IndyInterface.fromCache(IndyInterface.java:321)
	at nextflow.extension.FilesEx.mkdirs(FilesEx.groovy:494)
	at nextflow.Session.init(Session.groovy:449)
	at nextflow.script.ScriptRunner.execute(ScriptRunner.groovy:119)
	at nextflow.cli.CmdRun.run(CmdRun.groovy:442)
	at nextflow.cli.Launcher.run(Launcher.groovy:526)
	at nextflow.cli.Launcher.main(Launcher.groovy:686)
May-21 05:50:18.081 [main] DEBUG nextflow.cli.Launcher - Operation aborted
nextflow.exception.AbortOperationException: Cannot create work-dir '/sc-scratch/sc-scratch-cc12-ag-romagnani/nf_work' -- Make sure you have write permissions or specify a different directory by using the `-w` command line option
	at nextflow.Session.init(Session.groovy:450)
	at nextflow.script.ScriptRunner.execute(ScriptRunner.groovy:119)
	at nextflow.cli.CmdRun.run(CmdRun.groovy:442)
	at nextflow.cli.Launcher.run(Launcher.groovy:526)
	at nextflow.cli.Launcher.main(Launcher.groovy:686)
